# JRE version: 7.0_11-b21
# Java VM: Java HotSpot(TM) Client VM (23.6-b04 mixed mode windows-x86 )
Heap
 def new generation   total 29504K, used 26059K [0x160b0000, 0x180b0000, 0x180b0000)
  eden space 26240K,  99% used [0x160b0000, 0x17a22d28, 0x17a50000)
  from space 3264K,   0% used [0x17d80000, 0x17d80000, 0x180b0000)
  to   space 3264K,   0% used [0x17a50000, 0x17a50000, 0x17d80000)
 tenured generation   total 98304K, used 97260K [0x180b0000, 0x1e0b0000, 0x1e0b0000)
   the space 98304K,  98% used [0x180b0000, 0x1dfab030, 0x1dfab200, 0x1e0b0000)
 compacting perm gen  total 37632K, used 37586K [0x1e0b0000, 0x20570000, 0x240b0000)
   the space 37632K,  99% used [0x1e0b0000, 0x20564808, 0x20564a00, 0x20570000)
GC Heap History (10 events):
Event: 1816.970 GC heap before
{Heap before GC invocations=1129 (full 588):
 def new generation   total 29504K, used 26240K [0x160b0000, 0x180b0000, 0x180b0000)
  eden space 26240K, 100% used [0x160b0000, 0x17a50000, 0x17a50000)
  from space 3264K,   0% used [0x17d80000, 0x17d80000, 0x180b0000)
  to   space 3264K,   0% used [0x17a50000, 0x17a50000, 0x17d80000)
 tenured generation   total 98304K, used 97260K [0x180b0000, 0x1e0b0000, 0x1e0b0000)
   the space 98304K,  98% used [0x180b0000, 0x1dfab290, 0x1dfab400, 0x1e0b0000)
 compacting perm gen  total 37632K, used 37586K [0x1e0b0000, 0x20570000, 0x240b0000)
   the space 37632K,  99% used [0x1e0b0000, 0x20564808, 0x20564a00, 0x20570000)
No shared spaces configured.
Event: 1817.164 GC heap after
Heap after GC invocations=1130 (full 589):
 def new generation   total 29504K, used 19824K [0x160b0000, 0x180b0000, 0x180b0000)
  eden space 26240K,  75% used [0x160b0000, 0x1740c0e0, 0x17a50000)
  from space 3264K,   0% used [0x17a50000, 0x17a50000, 0x17d80000)
  to   space 3264K,   0% used [0x17d80000, 0x17d80000, 0x180b0000)
 tenured generation   total 98304K, used 97260K [0x180b0000, 0x1e0b0000, 0x1e0b0000)
   the space 98304K,  98% used [0x180b0000, 0x1dfab2b8, 0x1dfab400, 0x1e0b0000)
 compacting perm gen  total 37632K, used 37586K [0x1e0b0000, 0x20570000, 0x240b0000)
   the space 37632K,  99% used [0x1e0b0000, 0x20564808, 0x20564a00, 0x20570000)
No shared spaces configured.
}
Event: 1819.353 GC heap before
{Heap before GC invocations=1130 (full 589):
 def new generation   total 29504K, used 26240K [0x160b0000, 0x180b0000, 0x180b0000)
  eden space 26240K, 100% used [0x160b0000, 0x17a50000, 0x17a50000)
  from space 3264K,   0% used [0x17a50000, 0x17a50000, 0x17d80000)
  to   space 3264K,   0% used [0x17d80000, 0x17d80000, 0x180b0000)
 tenured generation   total 98304K, used 97260K [0x180b0000, 0x1e0b0000, 0x1e0b0000)
   the space 98304K,  98% used [0x180b0000, 0x1dfab2b8, 0x1dfab400, 0x1e0b0000)
 compacting perm gen  total 37632K, used 37586K [0x1e0b0000, 0x20570000, 0x240b0000)
   the space 37632K,  99% used [0x1e0b0000, 0x20564808, 0x20564a00, 0x20570000)
No shared spaces configured.
Event: 1819.522 GC heap after
Heap after GC invocations=1131 (full 590):
 def new generation   total 29504K, used 19854K [0x160b0000, 0x180b0000, 0x180b0000)
  eden space 26240K,  75% used [0x160b0000, 0x17413a48, 0x17a50000)
  from space 3264K,   0% used [0x17d80000, 0x17d80000, 0x180b0000)
  to   space 3264K,   0% used [0x17a50000, 0x17a50000, 0x17d80000)
 tenured generation   total 98304K, used 97260K [0x180b0000, 0x1e0b0000, 0x1e0b0000)
   the space 98304K,  98% used [0x180b0000, 0x1dfab2b8, 0x1dfab400, 0x1e0b0000)
 compacting perm gen  total 37632K, used 37586K [0x1e0b0000, 0x20570000, 0x240b0000)
   the space 37632K,  99% used [0x1e0b0000, 0x20564808, 0x20564a00, 0x20570000)
No shared spaces configured.
}
Event: 1819.991 GC heap before
{Heap before GC invocations=1131 (full 590):
 def new generation   total 29504K, used 21463K [0x160b0000, 0x180b0000, 0x180b0000)
  eden space 26240K,  81% used [0x160b0000, 0x175a5db0, 0x17a50000)
  from space 3264K,   0% used [0x17d80000, 0x17d80000, 0x180b0000)
  to   space 3264K,   0% used [0x17a50000, 0x17a50000, 0x17d80000)
 tenured generation   total 98304K, used 97260K [0x180b0000, 0x1e0b0000, 0x1e0b0000)
   the space 98304K,  98% used [0x180b0000, 0x1dfab2b8, 0x1dfab400, 0x1e0b0000)
 compacting perm gen  total 37632K, used 37586K [0x1e0b0000, 0x20570000, 0x240b0000)
   the space 37632K,  99% used [0x1e0b0000, 0x20564808, 0x20564a00, 0x20570000)
No shared spaces configured.
Event: 1820.150 GC heap after
Heap after GC invocations=1132 (full 591):
 def new generation   total 29504K, used 19892K [0x160b0000, 0x180b0000, 0x180b0000)
  eden space 26240K,  75% used [0x160b0000, 0x1741d230, 0x17a50000)
  from space 3264K,   0% used [0x17a50000, 0x17a50000, 0x17d80000)
  to   space 3264K,   0% used [0x17d80000, 0x17d80000, 0x180b0000)
 tenured generation   total 98304K, used 97260K [0x180b0000, 0x1e0b0000, 0x1e0b0000)
   the space 98304K,  98% used [0x180b0000, 0x1dfab2b8, 0x1dfab400, 0x1e0b0000)
 compacting perm gen  total 37632K, used 37586K [0x1e0b0000, 0x20570000, 0x240b0000)
   the space 37632K,  99% used [0x1e0b0000, 0x20564808, 0x20564a00, 0x20570000)
No shared spaces configured.
}
Event: 1820.522 GC heap before
{Heap before GC invocations=1132 (full 591):
 def new generation   total 29504K, used 26240K [0x160b0000, 0x180b0000, 0x180b0000)
  eden space 26240K, 100% used [0x160b0000, 0x17a50000, 0x17a50000)
  from space 3264K,   0% used [0x17a50000, 0x17a50000, 0x17d80000)
  to   space 3264K,   0% used [0x17d80000, 0x17d80000, 0x180b0000)
 tenured generation   total 98304K, used 97260K [0x180b0000, 0x1e0b0000, 0x1e0b0000)
   the space 98304K,  98% used [0x180b0000, 0x1dfab2b8, 0x1dfab400, 0x1e0b0000)
 compacting perm gen  total 37632K, used 37586K [0x1e0b0000, 0x20570000, 0x240b0000)
   the space 37632K,  99% used [0x1e0b0000, 0x20564808, 0x20564a00, 0x20570000)
No shared spaces configured.
Event: 1820.681 GC heap after
Heap after GC invocations=1133 (full 592):
 def new generation   total 29504K, used 26140K [0x160b0000, 0x180b0000, 0x180b0000)
  eden space 26240K,  99% used [0x160b0000, 0x17a37278, 0x17a50000)
  from space 3264K,   0% used [0x17d80000, 0x17d80000, 0x180b0000)
  to   space 3264K,   0% used [0x17a50000, 0x17a50000, 0x17d80000)
 tenured generation   total 98304K, used 97260K [0x180b0000, 0x1e0b0000, 0x1e0b0000)
   the space 98304K,  98% used [0x180b0000, 0x1dfab030, 0x1dfab200, 0x1e0b0000)
 compacting perm gen  total 37632K, used 37586K [0x1e0b0000, 0x20570000, 0x240b0000)
   the space 37632K,  99% used [0x1e0b0000, 0x20564808, 0x20564a00, 0x20570000)
No shared spaces configured.
}
Event: 1820.681 GC heap before
{Heap before GC invocations=1133 (full 592):
 def new generation   total 29504K, used 26140K [0x160b0000, 0x180b0000, 0x180b0000)
  eden space 26240K,  99% used [0x160b0000, 0x17a37278, 0x17a50000)
  from space 3264K,   0% used [0x17d80000, 0x17d80000, 0x180b0000)
  to   space 3264K,   0% used [0x17a50000, 0x17a50000, 0x17d80000)
 tenured generation   total 98304K, used 97260K [0x180b0000, 0x1e0b0000, 0x1e0b0000)
   the space 98304K,  98% used [0x180b0000, 0x1dfab030, 0x1dfab200, 0x1e0b0000)
 compacting perm gen  total 37632K, used 37586K [0x1e0b0000, 0x20570000, 0x240b0000)
   the space 37632K,  99% used [0x1e0b0000, 0x20564808, 0x20564a00, 0x20570000)
No shared spaces configured.
Event: 1820.794 GC heap after
Heap after GC invocations=1134 (full 593):
 def new generation   total 29504K, used 26018K [0x160b0000, 0x180b0000, 0x180b0000)
  eden space 26240K,  99% used [0x160b0000, 0x17a189e8, 0x17a50000)
  from space 3264K,   0% used [0x17d80000, 0x17d80000, 0x180b0000)
  to   space 3264K,   0% used [0x17a50000, 0x17a50000, 0x17d80000)
 tenured generation   total 98304K, used 97260K [0x180b0000, 0x1e0b0000, 0x1e0b0000)
   the space 98304K,  98% used [0x180b0000, 0x1dfab030, 0x1dfab200, 0x1e0b0000)
 compacting perm gen  total 37632K, used 37586K [0x1e0b0000, 0x20570000, 0x240b0000)
   the space 37632K,  99% used [0x1e0b0000, 0x20564808, 0x20564a00, 0x20570000)
No shared spaces configured.
}

