# JRE version: 7.0_11-b21
# Java VM: Java HotSpot(TM) 64-Bit Server VM (23.6-b04 mixed mode windows-amd64 compressed oops)
Heap
 PSYoungGen      total 67904K, used 53013K [0x00000000fa000000, 0x0000000100000000, 0x0000000100000000)
  eden space 53824K, 72% used [0x00000000fa000000,0x00000000fc611a00,0x00000000fd490000)
  from space 14080K, 99% used [0x00000000fd490000,0x00000000fe243d28,0x00000000fe250000)
  to   space 22528K, 0% used [0x00000000fea00000,0x00000000fea00000,0x0000000100000000)
 ParOldGen       total 108672K, used 73779K [0x00000000e8000000, 0x00000000eea20000, 0x00000000fa000000)
  object space 108672K, 67% used [0x00000000e8000000,0x00000000ec80cc18,0x00000000eea20000)
 PSPermGen       total 125824K, used 78154K [0x00000000e0000000, 0x00000000e7ae0000, 0x00000000e8000000)
  object space 125824K, 62% used [0x00000000e0000000,0x00000000e4c52ab0,0x00000000e7ae0000)
GC Heap History (10 events):
Event: 5447.754 GC heap before
{Heap before GC invocations=123 (full 4):
 PSYoungGen      total 78016K, used 76173K [0x00000000fa000000, 0x0000000100000000, 0x0000000100000000)
  eden space 61568K, 100% used [0x00000000fa000000,0x00000000fdc20000,0x00000000fdc20000)
  from space 16448K, 88% used [0x00000000feff0000,0x00000000ffe33498,0x0000000100000000)
  to   space 18368K, 0% used [0x00000000fdc20000,0x00000000fdc20000,0x00000000fee10000)
 ParOldGen       total 108672K, used 73779K [0x00000000e8000000, 0x00000000eea20000, 0x00000000fa000000)
  object space 108672K, 67% used [0x00000000e8000000,0x00000000ec80cc18,0x00000000eea20000)
 PSPermGen       total 125824K, used 77851K [0x00000000e0000000, 0x00000000e7ae0000, 0x00000000e8000000)
  object space 125824K, 61% used [0x00000000e0000000,0x00000000e4c06ee8,0x00000000e7ae0000)
Event: 5447.768 GC heap after
Heap after GC invocations=123 (full 4):
 PSYoungGen      total 75200K, used 13571K [0x00000000fa000000, 0x0000000100000000, 0x0000000100000000)
  eden space 61568K, 0% used [0x00000000fa000000,0x00000000fa000000,0x00000000fdc20000)
  from space 13632K, 99% used [0x00000000fdc20000,0x00000000fe960d98,0x00000000fe970000)
  to   space 19520K, 0% used [0x00000000fecf0000,0x00000000fecf0000,0x0000000100000000)
 ParOldGen       total 108672K, used 73779K [0x00000000e8000000, 0x00000000eea20000, 0x00000000fa000000)
  object space 108672K, 67% used [0x00000000e8000000,0x00000000ec80cc18,0x00000000eea20000)
 PSPermGen       total 125824K, used 77851K [0x00000000e0000000, 0x00000000e7ae0000, 0x00000000e8000000)
  object space 125824K, 61% used [0x00000000e0000000,0x00000000e4c06ee8,0x00000000e7ae0000)
}
Event: 5519.181 GC heap before
{Heap before GC invocations=124 (full 4):
 PSYoungGen      total 75200K, used 75139K [0x00000000fa000000, 0x0000000100000000, 0x0000000100000000)
  eden space 61568K, 100% used [0x00000000fa000000,0x00000000fdc20000,0x00000000fdc20000)
  from space 13632K, 99% used [0x00000000fdc20000,0x00000000fe960d98,0x00000000fe970000)
  to   space 19520K, 0% used [0x00000000fecf0000,0x00000000fecf0000,0x0000000100000000)
 ParOldGen       total 108672K, used 73779K [0x00000000e8000000, 0x00000000eea20000, 0x00000000fa000000)
  object space 108672K, 67% used [0x00000000e8000000,0x00000000ec80cc18,0x00000000eea20000)
 PSPermGen       total 125824K, used 77921K [0x00000000e0000000, 0x00000000e7ae0000, 0x00000000e8000000)
  object space 125824K, 61% used [0x00000000e0000000,0x00000000e4c187b0,0x00000000e7ae0000)
Event: 5519.194 GC heap after
Heap after GC invocations=124 (full 4):
 PSYoungGen      total 77120K, used 13460K [0x00000000fa000000, 0x0000000100000000, 0x0000000100000000)
  eden space 57600K, 0% used [0x00000000fa000000,0x00000000fa000000,0x00000000fd840000)
  from space 19520K, 68% used [0x00000000fecf0000,0x00000000ffa15040,0x0000000100000000)
  to   space 20352K, 0% used [0x00000000fd840000,0x00000000fd840000,0x00000000fec20000)
 ParOldGen       total 108672K, used 73779K [0x00000000e8000000, 0x00000000eea20000, 0x00000000fa000000)
  object space 108672K, 67% used [0x00000000e8000000,0x00000000ec80cc18,0x00000000eea20000)
 PSPermGen       total 125824K, used 77921K [0x00000000e0000000, 0x00000000e7ae0000, 0x00000000e8000000)
  object space 125824K, 61% used [0x00000000e0000000,0x00000000e4c187b0,0x00000000e7ae0000)
}
Event: 5580.870 GC heap before
{Heap before GC invocations=125 (full 4):
 PSYoungGen      total 77120K, used 71060K [0x00000000fa000000, 0x0000000100000000, 0x0000000100000000)
  eden space 57600K, 100% used [0x00000000fa000000,0x00000000fd840000,0x00000000fd840000)
  from space 19520K, 68% used [0x00000000fecf0000,0x00000000ffa15040,0x0000000100000000)
  to   space 20352K, 0% used [0x00000000fd840000,0x00000000fd840000,0x00000000fec20000)
 ParOldGen       total 108672K, used 73779K [0x00000000e8000000, 0x00000000eea20000, 0x00000000fa000000)
  object space 108672K, 67% used [0x00000000e8000000,0x00000000ec80cc18,0x00000000eea20000)
 PSPermGen       total 125824K, used 77931K [0x00000000e0000000, 0x00000000e7ae0000, 0x00000000e8000000)
  object space 125824K, 61% used [0x00000000e0000000,0x00000000e4c1ada8,0x00000000e7ae0000)
Event: 5580.881 GC heap after
Heap after GC invocations=125 (full 4):
 PSYoungGen      total 74688K, used 17074K [0x00000000fa000000, 0x0000000100000000, 0x0000000100000000)
  eden space 57600K, 0% used [0x00000000fa000000,0x00000000fa000000,0x00000000fd840000)
  from space 17088K, 99% used [0x00000000fd840000,0x00000000fe8ecad0,0x00000000fe8f0000)
  to   space 22272K, 0% used [0x00000000fea40000,0x00000000fea40000,0x0000000100000000)
 ParOldGen       total 108672K, used 73779K [0x00000000e8000000, 0x00000000eea20000, 0x00000000fa000000)
  object space 108672K, 67% used [0x00000000e8000000,0x00000000ec80cc18,0x00000000eea20000)
 PSPermGen       total 125824K, used 77931K [0x00000000e0000000, 0x00000000e7ae0000, 0x00000000e8000000)
  object space 125824K, 61% used [0x00000000e0000000,0x00000000e4c1ada8,0x00000000e7ae0000)
}
Event: 5610.009 GC heap before
{Heap before GC invocations=126 (full 4):
 PSYoungGen      total 74688K, used 74674K [0x00000000fa000000, 0x0000000100000000, 0x0000000100000000)
  eden space 57600K, 100% used [0x00000000fa000000,0x00000000fd840000,0x00000000fd840000)
  from space 17088K, 99% used [0x00000000fd840000,0x00000000fe8ecad0,0x00000000fe8f0000)
  to   space 22272K, 0% used [0x00000000fea40000,0x00000000fea40000,0x0000000100000000)
 ParOldGen       total 108672K, used 73779K [0x00000000e8000000, 0x00000000eea20000, 0x00000000fa000000)
  object space 108672K, 67% used [0x00000000e8000000,0x00000000ec80cc18,0x00000000eea20000)
 PSPermGen       total 125824K, used 78001K [0x00000000e0000000, 0x00000000e7ae0000, 0x00000000e8000000)
  object space 125824K, 61% used [0x00000000e0000000,0x00000000e4c2c4f8,0x00000000e7ae0000)
Event: 5610.029 GC heap after
Heap after GC invocations=126 (full 4):
 PSYoungGen      total 76096K, used 12900K [0x00000000fa000000, 0x0000000100000000, 0x0000000100000000)
  eden space 53824K, 0% used [0x00000000fa000000,0x00000000fa000000,0x00000000fd490000)
  from space 22272K, 57% used [0x00000000fea40000,0x00000000ff6d91c0,0x0000000100000000)
  to   space 22208K, 0% used [0x00000000fd490000,0x00000000fd490000,0x00000000fea40000)
 ParOldGen       total 108672K, used 73779K [0x00000000e8000000, 0x00000000eea20000, 0x00000000fa000000)
  object space 108672K, 67% used [0x00000000e8000000,0x00000000ec80cc18,0x00000000eea20000)
 PSPermGen       total 125824K, used 78001K [0x00000000e0000000, 0x00000000e7ae0000, 0x00000000e8000000)
  object space 125824K, 61% used [0x00000000e0000000,0x00000000e4c2c4f8,0x00000000e7ae0000)
}
Event: 5869.605 GC heap before
{Heap before GC invocations=127 (full 4):
 PSYoungGen      total 76096K, used 66724K [0x00000000fa000000, 0x0000000100000000, 0x0000000100000000)
  eden space 53824K, 100% used [0x00000000fa000000,0x00000000fd490000,0x00000000fd490000)
  from space 22272K, 57% used [0x00000000fea40000,0x00000000ff6d91c0,0x0000000100000000)
  to   space 22208K, 0% used [0x00000000fd490000,0x00000000fd490000,0x00000000fea40000)
 ParOldGen       total 108672K, used 73779K [0x00000000e8000000, 0x00000000eea20000, 0x00000000fa000000)
  object space 108672K, 67% used [0x00000000e8000000,0x00000000ec80cc18,0x00000000eea20000)
 PSPermGen       total 125824K, used 78135K [0x00000000e0000000, 0x00000000e7ae0000, 0x00000000e8000000)
  object space 125824K, 62% used [0x00000000e0000000,0x00000000e4c4dc38,0x00000000e7ae0000)
Event: 5869.616 GC heap after
Heap after GC invocations=127 (full 4):
 PSYoungGen      total 67904K, used 14031K [0x00000000fa000000, 0x0000000100000000, 0x0000000100000000)
  eden space 53824K, 0% used [0x00000000fa000000,0x00000000fa000000,0x00000000fd490000)
  from space 14080K, 99% used [0x00000000fd490000,0x00000000fe243d28,0x00000000fe250000)
  to   space 22528K, 0% used [0x00000000fea00000,0x00000000fea00000,0x0000000100000000)
 ParOldGen       total 108672K, used 73779K [0x00000000e8000000, 0x00000000eea20000, 0x00000000fa000000)
  object space 108672K, 67% used [0x00000000e8000000,0x00000000ec80cc18,0x00000000eea20000)
 PSPermGen       total 125824K, used 78135K [0x00000000e0000000, 0x00000000e7ae0000, 0x00000000e8000000)
  object space 125824K, 62% used [0x00000000e0000000,0x00000000e4c4dc38,0x00000000e7ae0000)
}

